This file contains any messages produced by compilers while
running configure, to aid debugging if configure makes a mistake.

It was created by 42sh configure 1.0, which was
generated by GNU Autoconf 2.72.  Invocation command line was

  $ ./configure

## --------- ##
## Platform. ##
## --------- ##

hostname = r05p13.labsr.kb.sm.cri.epita.fr
uname -m = x86_64
uname -r = 6.6.47
uname -s = Linux
uname -v = #1-NixOS SMP PREEMPT_DYNAMIC Mon Aug 19 04:04:32 UTC 2024

/usr/bin/uname -p = unknown
/bin/uname -X     = unknown

/bin/arch              = unknown
/usr/bin/arch -k       = unknown
/usr/convex/getsysinfo = unknown
/usr/bin/hostinfo      = unknown
/bin/machine           = unknown
/usr/bin/oslevel       = unknown
/bin/universe          = unknown

PATH: /run/wrappers/bin/
PATH: /home/mederic.lavirotte/.nix-profile/bin/
PATH: /nix/profile/bin/
PATH: /home/mederic.lavirotte/.local/state/nix/profile/bin/
PATH: /etc/profiles/per-user/mederic.lavirotte/bin/
PATH: /nix/var/nix/profiles/default/bin/
PATH: /run/current-system/sw/bin/


## ----------- ##
## Core tests. ##
## ----------- ##

configure:2166: looking for aux files: compile ar-lib missing install-sh
configure:2179:  trying ./
configure:2208:   ./compile found
configure:2208:   ./ar-lib found
configure:2208:   ./missing found
configure:2190:   ./install-sh found
configure:2340: checking for a BSD-compatible install
configure:2414: result: /run/current-system/sw/bin/install -c
configure:2425: checking whether build environment is sane
configure:2480: result: yes
configure:2641: checking for a race-free mkdir -p
configure:2684: result: /run/current-system/sw/bin/mkdir -p
configure:2691: checking for gawk
configure:2712: found /run/current-system/sw/bin/gawk
configure:2724: result: gawk
configure:2735: checking whether make sets $(MAKE)
configure:2759: result: yes
configure:2789: checking whether make supports nested variables
configure:2808: result: yes
configure:2958: checking whether make supports nested variables
configure:2977: result: yes
configure:3003: checking whether make supports the include directive
configure:3018: make -f confmf.GNU && cat confinc.out
this is the am__doit target
configure:3021: $? = 0
configure:3040: result: yes (GNU style)
configure:3117: checking for gcc
configure:3138: found /run/current-system/sw/bin/gcc
configure:3150: result: gcc
configure:3509: checking for C compiler version
configure:3518: gcc --version >&5
gcc (GCC) 13.2.0
Copyright (C) 2023 Free Software Foundation, Inc.
This is free software; see the source for copying conditions.  There is NO
warranty; not even for MERCHANTABILITY or FITNESS FOR A PARTICULAR PURPOSE.

configure:3529: $? = 0
configure:3518: gcc -v >&5
Using built-in specs.
COLLECT_GCC=/nix/store/skkw2fidr9h2ikq8gzgfm6rysj1mal0r-gcc-13.2.0/bin/gcc
COLLECT_LTO_WRAPPER=/nix/store/skkw2fidr9h2ikq8gzgfm6rysj1mal0r-gcc-13.2.0/libexec/gcc/x86_64-unknown-linux-gnu/13.2.0/lto-wrapper
Target: x86_64-unknown-linux-gnu
Configured with: ../gcc-13.2.0/configure --prefix=/nix/store/eeeeeeeeeeeeeeeeeeeeeeeeeeeeeeee-gcc-13.2.0 --with-gmp-include=/nix/store/eeeeeeeeeeeeeeeeeeeeeeeeeeeeeeee-gmp-6.3.0-dev/include --with-gmp-lib=/nix/store/eeeeeeeeeeeeeeeeeeeeeeeeeeeeeeee-gmp-6.3.0/lib --with-mpfr-include=/nix/store/eeeeeeeeeeeeeeeeeeeeeeeeeeeeeeee-mpfr-4.2.1-dev/include --with-mpfr-lib=/nix/store/eeeeeeeeeeeeeeeeeeeeeeeeeeeeeeee-mpfr-4.2.1/lib --with-mpc=/nix/store/eeeeeeeeeeeeeeeeeeeeeeeeeeeeeeee-libmpc-1.3.1 --with-native-system-header-dir=/nix/store/eeeeeeeeeeeeeeeeeeeeeeeeeeeeeeee-glibc-2.39-52-dev/include --with-build-sysroot=/ --with-gxx-include-dir=/nix/store/eeeeeeeeeeeeeeeeeeeeeeeeeeeeeeee-gcc-13.2.0/include/c++/13.2.0/ --program-prefix= --enable-lto --disable-libstdcxx-pch --without-included-gettext --with-system-zlib --enable-static --enable-languages=c,c++ --disable-multilib --enable-plugin --disable-libcc1 --with-isl=/nix/store/eeeeeeeeeeeeeeeeeeeeeeeeeeeeeeee-isl-0.20 --disable-bootstrap --build=x86_64-unknown-linux-gnu --host=x86_64-unknown-linux-gnu --target=x86_64-unknown-linux-gnu
Thread model: posix
Supported LTO compression algorithms: zlib
gcc version 13.2.0 (GCC) 
configure:3529: $? = 0
configure:3518: gcc -V >&5
gcc: error: unrecognized command-line option '-V'
gcc: fatal error: no input files
compilation terminated.
configure:3529: $? = 1
configure:3518: gcc -qversion >&5
gcc: error: unrecognized command-line option '-qversion'; did you mean '--version'?
gcc: fatal error: no input files
compilation terminated.
configure:3529: $? = 1
configure:3518: gcc -version >&5
gcc: error: unrecognized command-line option '-version'
gcc: fatal error: no input files
compilation terminated.
configure:3529: $? = 1
configure:3549: checking whether the C compiler works
configure:3571: gcc    conftest.c  >&5
configure:3575: $? = 0
configure:3626: result: yes
configure:3630: checking for C compiler default output file name
configure:3632: result: a.out
configure:3638: checking for suffix of executables
configure:3645: gcc -o conftest    conftest.c  >&5
configure:3649: $? = 0
configure:3673: result: 
configure:3697: checking whether we are cross compiling
configure:3705: gcc -o conftest    conftest.c  >&5
configure:3709: $? = 0
configure:3716: ./conftest
configure:3720: $? = 0
configure:3735: result: no
configure:3741: checking for suffix of object files
configure:3764: gcc -c   conftest.c >&5
configure:3768: $? = 0
configure:3792: result: o
configure:3796: checking whether the compiler supports GNU C
configure:3816: gcc -c   conftest.c >&5
configure:3816: $? = 0
configure:3828: result: yes
configure:3839: checking whether gcc accepts -g
configure:3860: gcc -c -g  conftest.c >&5
configure:3860: $? = 0
configure:3907: result: yes
configure:3927: checking for gcc option to enable C11 features
configure:3942: gcc  -c -g -O2  conftest.c >&5
configure:3942: $? = 0
configure:3961: result: none needed
configure:4085: checking whether gcc understands -c and -o together
configure:4108: gcc -c conftest.c -o conftest2.o
configure:4111: $? = 0
configure:4108: gcc -c conftest.c -o conftest2.o
configure:4111: $? = 0
configure:4124: result: yes
configure:4143: checking dependency style of gcc
configure:4256: result: gcc3
configure:4328: checking for ar
configure:4349: found /run/current-system/sw/bin/ar
configure:4361: result: ar
configure:4387: checking the archiver (ar) interface
configure:4404: gcc -c -g -O2  conftest.c >&5
configure:4404: $? = 0
configure:4407: ar cru libconftest.a conftest.o >&5
ar: `u' modifier ignored since `D' is the default (see `U')
configure:4410: $? = 0
configure:4439: result: ar
configure:4510: checking for ranlib
configure:4531: found /run/current-system/sw/bin/ranlib
configure:4543: result: ranlib
configure:4621: checking for gcc
configure:4654: result: gcc
configure:5013: checking for C compiler version
configure:5022: gcc --version >&5
gcc (GCC) 13.2.0
Copyright (C) 2023 Free Software Foundation, Inc.
This is free software; see the source for copying conditions.  There is NO
warranty; not even for MERCHANTABILITY or FITNESS FOR A PARTICULAR PURPOSE.

configure:5033: $? = 0
configure:5022: gcc -v >&5
Using built-in specs.
COLLECT_GCC=/nix/store/skkw2fidr9h2ikq8gzgfm6rysj1mal0r-gcc-13.2.0/bin/gcc
COLLECT_LTO_WRAPPER=/nix/store/skkw2fidr9h2ikq8gzgfm6rysj1mal0r-gcc-13.2.0/libexec/gcc/x86_64-unknown-linux-gnu/13.2.0/lto-wrapper
Target: x86_64-unknown-linux-gnu
Configured with: ../gcc-13.2.0/configure --prefix=/nix/store/eeeeeeeeeeeeeeeeeeeeeeeeeeeeeeee-gcc-13.2.0 --with-gmp-include=/nix/store/eeeeeeeeeeeeeeeeeeeeeeeeeeeeeeee-gmp-6.3.0-dev/include --with-gmp-lib=/nix/store/eeeeeeeeeeeeeeeeeeeeeeeeeeeeeeee-gmp-6.3.0/lib --with-mpfr-include=/nix/store/eeeeeeeeeeeeeeeeeeeeeeeeeeeeeeee-mpfr-4.2.1-dev/include --with-mpfr-lib=/nix/store/eeeeeeeeeeeeeeeeeeeeeeeeeeeeeeee-mpfr-4.2.1/lib --with-mpc=/nix/store/eeeeeeeeeeeeeeeeeeeeeeeeeeeeeeee-libmpc-1.3.1 --with-native-system-header-dir=/nix/store/eeeeeeeeeeeeeeeeeeeeeeeeeeeeeeee-glibc-2.39-52-dev/include --with-build-sysroot=/ --with-gxx-include-dir=/nix/store/eeeeeeeeeeeeeeeeeeeeeeeeeeeeeeee-gcc-13.2.0/include/c++/13.2.0/ --program-prefix= --enable-lto --disable-libstdcxx-pch --without-included-gettext --with-system-zlib --enable-static --enable-languages=c,c++ --disable-multilib --enable-plugin --disable-libcc1 --with-isl=/nix/store/eeeeeeeeeeeeeeeeeeeeeeeeeeeeeeee-isl-0.20 --disable-bootstrap --build=x86_64-unknown-linux-gnu --host=x86_64-unknown-linux-gnu --target=x86_64-unknown-linux-gnu
Thread model: posix
Supported LTO compression algorithms: zlib
gcc version 13.2.0 (GCC) 
configure:5033: $? = 0
configure:5022: gcc -V >&5
gcc: error: unrecognized command-line option '-V'
gcc: fatal error: no input files
compilation terminated.
configure:5033: $? = 1
configure:5022: gcc -qversion >&5
gcc: error: unrecognized command-line option '-qversion'; did you mean '--version'?
gcc: fatal error: no input files
compilation terminated.
configure:5033: $? = 1
configure:5022: gcc -version >&5
gcc: error: unrecognized command-line option '-version'
gcc: fatal error: no input files
compilation terminated.
configure:5033: $? = 1
configure:5037: checking whether the compiler supports GNU C
configure:5069: result: yes
configure:5080: checking whether gcc accepts -g
configure:5148: result: yes
configure:5168: checking for gcc option to enable C11 features
configure:5202: result: none needed
configure:5326: checking whether gcc understands -c and -o together
configure:5365: result: yes
configure:5384: checking dependency style of gcc
configure:5497: result: gcc3
configure:5514: checking for a sed that does not truncate output
configure:5586: result: /run/current-system/sw/bin/sed
configure:5675: gcc -c -g -O2  conftest.c >&5
conftest.c:13:9: error: #error "no C++"
   13 |        #error "no C++"
      |         ^~~~~
configure:5675: $? = 1
configure: failed program was:
| /* confdefs.h */
| #define PACKAGE_NAME "42sh"
| #define PACKAGE_TARNAME "42sh"
| #define PACKAGE_VERSION "1.0"
| #define PACKAGE_STRING "42sh 1.0"
| #define PACKAGE_BUGREPORT ""
| #define PACKAGE_URL ""
| #define PACKAGE "42sh"
| #define VERSION "1.0"
| /* end confdefs.h.  */
| 
|       #ifndef __cplusplus
|        #error "no C++"
|        #endif
| int
| main (void)
| {
| 
|   ;
|   return 0;
| }
configure:5689: checking whether C compiler accepts -Werror=unknown-warning-option
configure:5709: gcc -c -g -O2  -Werror=unknown-warning-option  conftest.c >&5
cc1: error: '-Werror=unknown-warning-option': no option '-Wunknown-warning-option'
configure:5709: $? = 1
configure: failed program was:
| /* confdefs.h */
| #define PACKAGE_NAME "42sh"
| #define PACKAGE_TARNAME "42sh"
| #define PACKAGE_VERSION "1.0"
| #define PACKAGE_STRING "42sh 1.0"
| #define PACKAGE_BUGREPORT ""
| #define PACKAGE_URL ""
| #define PACKAGE "42sh"
| #define VERSION "1.0"
| /* end confdefs.h.  */
| 
| int
| main (void)
| {
| 
|   ;
|   return 0;
| }
configure:5720: result: no
configure:5736: checking whether C compiler accepts -Wno-suggest-attribute=format
configure:5756: gcc -c -g -O2  -Wno-suggest-attribute=format  conftest.c >&5
configure:5756: $? = 0
configure:5767: result: yes
configure:5789: checking whether C compiler accepts -fno-strict-aliasing
configure:5809: gcc -c -g -O2  -fno-strict-aliasing  conftest.c >&5
configure:5809: $? = 0
configure:5821: result: yes
configure:5850: : WARN_CFLAGS="$WARN_CFLAGS"
configure:5853: $? = 0
configure:5789: checking whether C compiler accepts -Wall
configure:5809: gcc -c -g -O2  -Wall  conftest.c >&5
configure:5809: $? = 0
configure:5821: result: yes
configure:5839: : WARN_CFLAGS="$WARN_CFLAGS"
configure:5842: $? = 0
configure:5789: checking whether C compiler accepts -Wextra
configure:5809: gcc -c -g -O2  -Wextra  conftest.c >&5
configure:5809: $? = 0
configure:5821: result: yes
configure:5839: : WARN_CFLAGS="$WARN_CFLAGS"
configure:5842: $? = 0
configure:5789: checking whether C compiler accepts -Werror
configure:5809: gcc -c -g -O2  -Werror  conftest.c >&5
configure:5809: $? = 0
configure:5821: result: yes
configure:5839: : WARN_CFLAGS="$WARN_CFLAGS"
configure:5842: $? = 0
configure:5789: checking whether C compiler accepts -Wvla
configure:5809: gcc -c -g -O2  -Wvla  conftest.c >&5
configure:5809: $? = 0
configure:5821: result: yes
configure:5839: : WARN_CFLAGS="$WARN_CFLAGS"
configure:5842: $? = 0
configure:5789: checking whether C compiler accepts -pedantic
configure:5809: gcc -c -g -O2  -pedantic  conftest.c >&5
configure:5809: $? = 0
configure:5821: result: yes
configure:5839: : WARN_CFLAGS="$WARN_CFLAGS"
configure:5842: $? = 0
configure:5789: checking whether C compiler accepts -std=c99
configure:5809: gcc -c -g -O2  -std=c99  conftest.c >&5
configure:5809: $? = 0
configure:5821: result: yes
configure:5839: : WARN_CFLAGS="$WARN_CFLAGS"
configure:5842: $? = 0
configure:5878: checking whether C compiler accepts -Wnested-externs
configure:5898: gcc -c -g -O2  -Wnested-externs  conftest.c >&5
configure:5898: $? = 0
configure:5910: result: yes
configure:5928: : WARN_CFLAGS="$WARN_CFLAGS"
configure:5931: $? = 0
configure:5878: checking whether C compiler accepts -Wmissing-prototypes
configure:5898: gcc -c -g -O2  -Wmissing-prototypes  conftest.c >&5
configure:5898: $? = 0
configure:5910: result: yes
configure:5928: : WARN_CFLAGS="$WARN_CFLAGS"
configure:5931: $? = 0
configure:5878: checking whether C compiler accepts -Wstrict-prototypes
configure:5898: gcc -c -g -O2  -Wstrict-prototypes  conftest.c >&5
configure:5898: $? = 0
configure:5910: result: yes
configure:5928: : WARN_CFLAGS="$WARN_CFLAGS"
configure:5931: $? = 0
configure:5878: checking whether C compiler accepts -Wdeclaration-after-statement
configure:5898: gcc -c -g -O2  -Wdeclaration-after-statement  conftest.c >&5
configure:5898: $? = 0
configure:5910: result: yes
configure:5928: : WARN_CFLAGS="$WARN_CFLAGS"
configure:5931: $? = 0
configure:5878: checking whether C compiler accepts -Wimplicit-function-declaration
configure:5898: gcc -c -g -O2  -Wimplicit-function-declaration  conftest.c >&5
configure:5898: $? = 0
configure:5910: result: yes
configure:5928: : WARN_CFLAGS="$WARN_CFLAGS"
configure:5931: $? = 0
configure:5878: checking whether C compiler accepts -Wold-style-definition
configure:5898: gcc -c -g -O2  -Wold-style-definition  conftest.c >&5
configure:5898: $? = 0
configure:5910: result: yes
configure:5928: : WARN_CFLAGS="$WARN_CFLAGS"
configure:5931: $? = 0
configure:5878: checking whether C compiler accepts -Wjump-misses-init
configure:5898: gcc -c -g -O2  -Wjump-misses-init  conftest.c >&5
configure:5898: $? = 0
configure:5910: result: yes
configure:5928: : WARN_CFLAGS="$WARN_CFLAGS"
configure:5931: $? = 0
configure:5964: checking whether C compiler accepts -Wall
configure:5996: result: yes
configure:6006: : WARN_CFLAGS already contains $flag
configure:6009: $? = 0
configure:5964: checking whether C compiler accepts -Wextra
configure:5996: result: yes
configure:6006: : WARN_CFLAGS already contains $flag
configure:6009: $? = 0
configure:5964: checking whether C compiler accepts -Wundef
configure:5984: gcc -c -g -O2  -Wundef  conftest.c >&5
configure:5984: $? = 0
configure:5996: result: yes
configure:6014: : WARN_CFLAGS="$WARN_CFLAGS"
configure:6017: $? = 0
configure:5964: checking whether C compiler accepts -Wwrite-strings
configure:5984: gcc -c -g -O2  -Wwrite-strings  conftest.c >&5
configure:5984: $? = 0
configure:5996: result: yes
configure:6014: : WARN_CFLAGS="$WARN_CFLAGS"
configure:6017: $? = 0
configure:5964: checking whether C compiler accepts -Wpointer-arith
configure:5984: gcc -c -g -O2  -Wpointer-arith  conftest.c >&5
configure:5984: $? = 0
configure:5996: result: yes
configure:6014: : WARN_CFLAGS="$WARN_CFLAGS"
configure:6017: $? = 0
configure:5964: checking whether C compiler accepts -Wmissing-declarations
configure:5984: gcc -c -g -O2  -Wmissing-declarations  conftest.c >&5
configure:5984: $? = 0
configure:5996: result: yes
configure:6014: : WARN_CFLAGS="$WARN_CFLAGS"
configure:6017: $? = 0
configure:5964: checking whether C compiler accepts -Wredundant-decls
configure:5984: gcc -c -g -O2  -Wredundant-decls  conftest.c >&5
configure:5984: $? = 0
configure:5996: result: yes
configure:6014: : WARN_CFLAGS="$WARN_CFLAGS"
configure:6017: $? = 0
configure:5964: checking whether C compiler accepts -Wno-unused-parameter
configure:5984: gcc -c -g -O2  -Wno-unused-parameter  conftest.c >&5
configure:5984: $? = 0
configure:5996: result: yes
configure:6014: : WARN_CFLAGS="$WARN_CFLAGS"
configure:6017: $? = 0
configure:5964: checking whether C compiler accepts -Wno-missing-field-initializers
configure:5984: gcc -c -g -O2  -Wno-missing-field-initializers  conftest.c >&5
configure:5984: $? = 0
configure:5996: result: yes
configure:6014: : WARN_CFLAGS="$WARN_CFLAGS"
configure:6017: $? = 0
configure:5964: checking whether C compiler accepts -Wformat=2
configure:5984: gcc -c -g -O2  -Wformat=2  conftest.c >&5
configure:5984: $? = 0
configure:5996: result: yes
configure:6014: : WARN_CFLAGS="$WARN_CFLAGS"
configure:6017: $? = 0
configure:5964: checking whether C compiler accepts -Wcast-align
configure:5984: gcc -c -g -O2  -Wcast-align  conftest.c >&5
configure:5984: $? = 0
configure:5996: result: yes
configure:6014: : WARN_CFLAGS="$WARN_CFLAGS"
configure:6017: $? = 0
configure:5964: checking whether C compiler accepts -Wformat-nonliteral
configure:5984: gcc -c -g -O2  -Wformat-nonliteral  conftest.c >&5
cc1: warning: '-Wformat-nonliteral' ignored without '-Wformat' [-Wformat-nonliteral]
configure:5984: $? = 0
configure:5996: result: yes
configure:6014: : WARN_CFLAGS="$WARN_CFLAGS"
configure:6017: $? = 0
configure:5964: checking whether C compiler accepts -Wformat-security
configure:5984: gcc -c -g -O2  -Wformat-security  conftest.c >&5
cc1: warning: '-Wformat-security' ignored without '-Wformat' [-Wformat-security]
configure:5984: $? = 0
configure:5996: result: yes
configure:6014: : WARN_CFLAGS="$WARN_CFLAGS"
configure:6017: $? = 0
configure:5964: checking whether C compiler accepts -Wsign-compare
configure:5984: gcc -c -g -O2  -Wsign-compare  conftest.c >&5
configure:5984: $? = 0
configure:5996: result: yes
configure:6014: : WARN_CFLAGS="$WARN_CFLAGS"
configure:6017: $? = 0
configure:5964: checking whether C compiler accepts -Wstrict-aliasing
configure:5984: gcc -c -g -O2  -Wstrict-aliasing  conftest.c >&5
configure:5984: $? = 0
configure:5996: result: yes
configure:6014: : WARN_CFLAGS="$WARN_CFLAGS"
configure:6017: $? = 0
configure:5964: checking whether C compiler accepts -Wshadow
configure:5984: gcc -c -g -O2  -Wshadow  conftest.c >&5
configure:5984: $? = 0
configure:5996: result: yes
configure:6014: : WARN_CFLAGS="$WARN_CFLAGS"
configure:6017: $? = 0
configure:5964: checking whether C compiler accepts -Winline
configure:5984: gcc -c -g -O2  -Winline  conftest.c >&5
configure:5984: $? = 0
configure:5996: result: yes
configure:6014: : WARN_CFLAGS="$WARN_CFLAGS"
configure:6017: $? = 0
configure:5964: checking whether C compiler accepts -Wpacked
configure:5984: gcc -c -g -O2  -Wpacked  conftest.c >&5
configure:5984: $? = 0
configure:5996: result: yes
configure:6014: : WARN_CFLAGS="$WARN_CFLAGS"
configure:6017: $? = 0
configure:5964: checking whether C compiler accepts -Wmissing-format-attribute
configure:5984: gcc -c -g -O2  -Wmissing-format-attribute  conftest.c >&5
configure:5984: $? = 0
configure:5996: result: yes
configure:6014: : WARN_CFLAGS="$WARN_CFLAGS"
configure:6017: $? = 0
configure:5964: checking whether C compiler accepts -Wmissing-noreturn
configure:5984: gcc -c -g -O2  -Wmissing-noreturn  conftest.c >&5
configure:5984: $? = 0
configure:5996: result: yes
configure:6014: : WARN_CFLAGS="$WARN_CFLAGS"
configure:6017: $? = 0
configure:5964: checking whether C compiler accepts -Winit-self
configure:5984: gcc -c -g -O2  -Winit-self  conftest.c >&5
configure:5984: $? = 0
configure:5996: result: yes
configure:6014: : WARN_CFLAGS="$WARN_CFLAGS"
configure:6017: $? = 0
configure:5964: checking whether C compiler accepts -Wredundant-decls
configure:5996: result: yes
configure:6006: : WARN_CFLAGS already contains $flag
configure:6009: $? = 0
configure:5964: checking whether C compiler accepts -Wmissing-include-dirs
configure:5984: gcc -c -g -O2  -Wmissing-include-dirs  conftest.c >&5
configure:5984: $? = 0
configure:5996: result: yes
configure:6014: : WARN_CFLAGS="$WARN_CFLAGS"
configure:6017: $? = 0
configure:5964: checking whether C compiler accepts -Wunused-but-set-variable
configure:5984: gcc -c -g -O2  -Wunused-but-set-variable  conftest.c >&5
configure:5984: $? = 0
configure:5996: result: yes
configure:6014: : WARN_CFLAGS="$WARN_CFLAGS"
configure:6017: $? = 0
configure:5964: checking whether C compiler accepts -Warray-bounds
configure:5984: gcc -c -g -O2  -Warray-bounds  conftest.c >&5
configure:5984: $? = 0
configure:5996: result: yes
configure:6014: : WARN_CFLAGS="$WARN_CFLAGS"
configure:6017: $? = 0
configure:5964: checking whether C compiler accepts -Wreturn-type
configure:5984: gcc -c -g -O2  -Wreturn-type  conftest.c >&5
configure:5984: $? = 0
configure:5996: result: yes
configure:6014: : WARN_CFLAGS="$WARN_CFLAGS"
configure:6017: $? = 0
configure:5964: checking whether C compiler accepts -Wswitch-enum
configure:5984: gcc -c -g -O2  -Wswitch-enum  conftest.c >&5
configure:5984: $? = 0
configure:5996: result: yes
configure:6014: : WARN_CFLAGS="$WARN_CFLAGS"
configure:6017: $? = 0
configure:5964: checking whether C compiler accepts -Wswitch-default
configure:5984: gcc -c -g -O2  -Wswitch-default  conftest.c >&5
configure:5984: $? = 0
configure:5996: result: yes
configure:6014: : WARN_CFLAGS="$WARN_CFLAGS"
configure:6017: $? = 0
configure:5964: checking whether C compiler accepts -Wduplicated-cond
configure:5984: gcc -c -g -O2  -Wduplicated-cond  conftest.c >&5
configure:5984: $? = 0
configure:5996: result: yes
configure:6014: : WARN_CFLAGS="$WARN_CFLAGS"
configure:6017: $? = 0
configure:5964: checking whether C compiler accepts -Wduplicated-branches
configure:5984: gcc -c -g -O2  -Wduplicated-branches  conftest.c >&5
configure:5984: $? = 0
configure:5996: result: yes
configure:6014: : WARN_CFLAGS="$WARN_CFLAGS"
configure:6017: $? = 0
configure:5964: checking whether C compiler accepts -Wlogical-op
configure:5984: gcc -c -g -O2  -Wlogical-op  conftest.c >&5
configure:5984: $? = 0
configure:5996: result: yes
configure:6014: : WARN_CFLAGS="$WARN_CFLAGS"
configure:6017: $? = 0
configure:5964: checking whether C compiler accepts -Wrestrict
configure:5984: gcc -c -g -O2  -Wrestrict  conftest.c >&5
configure:5984: $? = 0
configure:5996: result: yes
configure:6014: : WARN_CFLAGS="$WARN_CFLAGS"
configure:6017: $? = 0
configure:5964: checking whether C compiler accepts -Wnull-dereference
configure:5984: gcc -c -g -O2  -Wnull-dereference  conftest.c >&5
configure:5984: $? = 0
configure:5996: result: yes
configure:6014: : WARN_CFLAGS="$WARN_CFLAGS"
configure:6017: $? = 0
configure:5964: checking whether C compiler accepts -Wdouble-promotion
configure:5984: gcc -c -g -O2  -Wdouble-promotion  conftest.c >&5
configure:5984: $? = 0
configure:5996: result: yes
configure:6014: : WARN_CFLAGS="$WARN_CFLAGS"
configure:6017: $? = 0
configure:6057: : WARN_CFLAGS already contains -Werror
configure:6060: $? = 0
configure:6092: checking whether C compiler accepts -Wno-suggest-attribute=format
configure:6112: gcc -c -g -O2  -Wno-suggest-attribute=format  conftest.c >&5
configure:6112: $? = 0
configure:6124: result: yes
configure:6142: : WARN_CFLAGS="$WARN_CFLAGS"
configure:6145: $? = 0
configure:6188: checking whether C compiler accepts -Wno-error=unused-parameter
configure:6208: gcc -c -g -O2  -Wno-error=unused-parameter  conftest.c >&5
configure:6208: $? = 0
configure:6220: result: yes
configure:6238: : WARN_CFLAGS="$WARN_CFLAGS"
configure:6241: $? = 0
configure:6188: checking whether C compiler accepts -Wno-error=missing-field-initializers
configure:6208: gcc -c -g -O2  -Wno-error=missing-field-initializers  conftest.c >&5
configure:6208: $? = 0
configure:6220: result: yes
configure:6238: : WARN_CFLAGS="$WARN_CFLAGS"
configure:6241: $? = 0
configure:6300: checking whether C compiler accepts -Werror=unknown-warning-option
configure:6331: result: no
configure:6346: checking whether the linker accepts -Wl,--as-needed
configure:6366: gcc -o conftest -g -O2    -Wl,--as-needed conftest.c  >&5
configure:6366: $? = 0
configure:6378: result: yes
configure:6389: checking whether the linker accepts -Wl,--as-needed
configure:6409: gcc -o conftest -g -O2    -Wl,--as-needed conftest.c  >&5
configure:6409: $? = 0
configure:6422: result: yes
configure:6451: : AM_LDFLAGS="$AM_LDFLAGS"
configure:6454: $? = 0
configure:6473: checking whether the linker accepts -Wl,-z,relro
configure:6493: gcc -o conftest -g -O2    -Wl,-z,relro conftest.c  >&5
configure:6493: $? = 0
configure:6505: result: yes
configure:6516: checking whether the linker accepts -Wl,-z,relro
configure:6536: gcc -o conftest -g -O2    -Wl,-z,relro conftest.c  >&5
configure:6536: $? = 0
configure:6549: result: yes
configure:6567: : AM_LDFLAGS="$AM_LDFLAGS"
configure:6570: $? = 0
configure:6600: checking whether the linker accepts -Wl,-z,now
configure:6620: gcc -o conftest -g -O2    -Wl,-z,now conftest.c  >&5
configure:6620: $? = 0
configure:6632: result: yes
configure:6643: checking whether the linker accepts -Wl,-z,now
configure:6663: gcc -o conftest -g -O2    -Wl,-z,now conftest.c  >&5
configure:6663: $? = 0
configure:6676: result: yes
configure:6694: : AM_LDFLAGS="$AM_LDFLAGS"
configure:6697: $? = 0
configure:6727: checking whether the linker accepts -Wl,-z,noexecstack
configure:6747: gcc -o conftest -g -O2    -Wl,-z,noexecstack conftest.c  >&5
configure:6747: $? = 0
configure:6759: result: yes
configure:6770: checking whether the linker accepts -Wl,-z,noexecstack
configure:6790: gcc -o conftest -g -O2    -Wl,-z,noexecstack conftest.c  >&5
configure:6790: $? = 0
configure:6803: result: yes
configure:6821: : AM_LDFLAGS="$AM_LDFLAGS"
configure:6824: $? = 0
configure:6857: checking whether the linker accepts -Wl,--no-as-needed
configure:6877: gcc -o conftest -g -O2    -Wl,--no-as-needed conftest.c  >&5
configure:6877: $? = 0
configure:6889: result: yes
configure:6906: checking whether the linker accepts -Wl,--fatal-warnings
configure:6926: gcc -o conftest -g -O2    -Wl,--fatal-warnings conftest.c  >&5
configure:6926: $? = 0
configure:6938: result: yes
configure:6950: checking whether the linker accepts -Wl,-fatal_warnings
configure:6970: gcc -o conftest -g -O2    -Wl,-fatal_warnings conftest.c  >&5
/nix/store/adakqsdbifx7d688z4874ap17clarhfn-binutils-2.41/bin/ld: -f may not be used without -shared
collect2: error: ld returned 1 exit status
configure:6970: $? = 1
configure: failed program was:
| /* confdefs.h */
| #define PACKAGE_NAME "42sh"
| #define PACKAGE_TARNAME "42sh"
| #define PACKAGE_VERSION "1.0"
| #define PACKAGE_STRING "42sh 1.0"
| #define PACKAGE_BUGREPORT ""
| #define PACKAGE_URL ""
| #define PACKAGE "42sh"
| #define VERSION "1.0"
| /* end confdefs.h.  */
| 
| int
| main (void)
| {
| 
|   ;
|   return 0;
| }
configure:6982: result: no
configure:7002: checking whether the linker accepts -Wl,--no-as-needed
configure:7022: gcc -o conftest -g -O2    -Wl,--no-as-needed conftest.c  >&5
configure:7022: $? = 0
configure:7035: result: yes
configure:7064: : WARN_LDFLAGS="$WARN_LDFLAGS"
configure:7067: $? = 0
configure:7185: checking whether the linker accepts -Wl,--fatal-warnings
configure:7205: gcc -o conftest -g -O2    -Wl,--fatal-warnings conftest.c  >&5
configure:7205: $? = 0
configure:7218: result: yes
configure:7236: : WARN_LDFLAGS="$WARN_LDFLAGS"
configure:7239: $? = 0
configure:7302: : WARN_SCANNERFLAGS="$WARN_SCANNERFLAGS"
configure:7305: $? = 0
configure:7330: : WARN_SCANNERFLAGS="$WARN_SCANNERFLAGS"
configure:7333: $? = 0
configure:7370: : WARN_SCANNERFLAGS="$WARN_SCANNERFLAGS"
configure:7373: $? = 0
configure:7536: checking that generated files are newer than configure
configure:7542: result: done
configure:7569: creating ./config.status

## ---------------------- ##
## Running config.status. ##
## ---------------------- ##

This file was extended by 42sh config.status 1.0, which was
generated by GNU Autoconf 2.72.  Invocation command line was

  CONFIG_FILES    = 
  CONFIG_HEADERS  = 
  CONFIG_LINKS    = 
  CONFIG_COMMANDS = 
  $ ./config.status 

on r05p13.labsr.kb.sm.cri.epita.fr

config.status:788: creating Makefile
config.status:788: creating src/Makefile
config.status:788: creating src/lexer/Makefile
config.status:788: creating src/parser/Makefile
config.status:788: creating src/exec_ast/Makefile
config.status:960: executing depfiles commands
config.status:1037: cd src       && sed -e '/# am--include-marker/d' Makefile         | make -f - am--depfiles
make: Nothing to be done for 'am--depfiles'.
config.status:1042: $? = 0
config.status:1037: cd src/lexer       && sed -e '/# am--include-marker/d' Makefile         | make -f - am--depfiles
config.status:1042: $? = 0
config.status:1037: cd src/parser       && sed -e '/# am--include-marker/d' Makefile         | make -f - am--depfiles
make: Nothing to be done for 'am--depfiles'.
config.status:1042: $? = 0
config.status:1037: cd src/exec_ast       && sed -e '/# am--include-marker/d' Makefile         | make -f - am--depfiles
make: Nothing to be done for 'am--depfiles'.
config.status:1042: $? = 0

## ---------------- ##
## Cache variables. ##
## ---------------- ##

ac_cv_c_compiler_gnu=yes
ac_cv_env_CC_set=
ac_cv_env_CC_value=
ac_cv_env_CFLAGS_set=
ac_cv_env_CFLAGS_value=
ac_cv_env_CPPFLAGS_set=
ac_cv_env_CPPFLAGS_value=
ac_cv_env_LDFLAGS_set=
ac_cv_env_LDFLAGS_value=
ac_cv_env_LIBS_set=
ac_cv_env_LIBS_value=
ac_cv_env_build_alias_set=
ac_cv_env_build_alias_value=
ac_cv_env_host_alias_set=
ac_cv_env_host_alias_value=
ac_cv_env_target_alias_set=
ac_cv_env_target_alias_value=
ac_cv_objext=o
ac_cv_path_SED=/run/current-system/sw/bin/sed
ac_cv_path_install='/run/current-system/sw/bin/install -c'
ac_cv_path_mkdir=/run/current-system/sw/bin/mkdir
ac_cv_prog_AWK=gawk
ac_cv_prog_ac_ct_AR=ar
ac_cv_prog_ac_ct_CC=gcc
ac_cv_prog_ac_ct_RANLIB=ranlib
ac_cv_prog_cc_c11=
ac_cv_prog_cc_g=yes
ac_cv_prog_cc_stdc=
ac_cv_prog_make_make_set=yes
am_cv_CC_dependencies_compiler_type=gcc3
am_cv_ar_interface=ar
am_cv_make_support_nested_variables=yes
am_cv_prog_cc_c_o=yes
ax_cv_check_cflags__Wall=yes
ax_cv_check_cflags__Warray_bounds=yes
ax_cv_check_cflags__Wcast_align=yes
ax_cv_check_cflags__Wdeclaration_after_statement=yes
ax_cv_check_cflags__Wdouble_promotion=yes
ax_cv_check_cflags__Wduplicated_branches=yes
ax_cv_check_cflags__Wduplicated_cond=yes
ax_cv_check_cflags__Werror=yes
ax_cv_check_cflags__Wextra=yes
ax_cv_check_cflags__Wformat_2=yes
ax_cv_check_cflags__Wformat_nonliteral=yes
ax_cv_check_cflags__Wformat_security=yes
ax_cv_check_cflags__Wimplicit_function_declaration=yes
ax_cv_check_cflags__Winit_self=yes
ax_cv_check_cflags__Winline=yes
ax_cv_check_cflags__Wjump_misses_init=yes
ax_cv_check_cflags__Wlogical_op=yes
ax_cv_check_cflags__Wmissing_declarations=yes
ax_cv_check_cflags__Wmissing_format_attribute=yes
ax_cv_check_cflags__Wmissing_include_dirs=yes
ax_cv_check_cflags__Wmissing_noreturn=yes
ax_cv_check_cflags__Wmissing_prototypes=yes
ax_cv_check_cflags__Wnested_externs=yes
ax_cv_check_cflags__Wno_error_missing_field_initializers=yes
ax_cv_check_cflags__Wno_error_unused_parameter=yes
ax_cv_check_cflags__Wno_missing_field_initializers=yes
ax_cv_check_cflags__Wno_suggest_attribute_format=yes
ax_cv_check_cflags__Wno_unused_parameter=yes
ax_cv_check_cflags__Wnull_dereference=yes
ax_cv_check_cflags__Wold_style_definition=yes
ax_cv_check_cflags__Wpacked=yes
ax_cv_check_cflags__Wpointer_arith=yes
ax_cv_check_cflags__Wredundant_decls=yes
ax_cv_check_cflags__Wrestrict=yes
ax_cv_check_cflags__Wreturn_type=yes
ax_cv_check_cflags__Wshadow=yes
ax_cv_check_cflags__Wsign_compare=yes
ax_cv_check_cflags__Wstrict_aliasing=yes
ax_cv_check_cflags__Wstrict_prototypes=yes
ax_cv_check_cflags__Wswitch_default=yes
ax_cv_check_cflags__Wswitch_enum=yes
ax_cv_check_cflags__Wundef=yes
ax_cv_check_cflags__Wunused_but_set_variable=yes
ax_cv_check_cflags__Wvla=yes
ax_cv_check_cflags__Wwrite_strings=yes
ax_cv_check_cflags___Werror_unknown_warning_option=no
ax_cv_check_cflags___Wno_suggest_attribute_format=yes
ax_cv_check_cflags__fno_strict_aliasing=yes
ax_cv_check_cflags__pedantic=yes
ax_cv_check_cflags__std_c99=yes
ax_cv_check_ldflags__Wl___as_needed=yes
ax_cv_check_ldflags__Wl___fatal_warnings=yes
ax_cv_check_ldflags__Wl___no_as_needed=yes
ax_cv_check_ldflags__Wl__z_noexecstack=yes
ax_cv_check_ldflags__Wl__z_now=yes
ax_cv_check_ldflags__Wl__z_relro=yes
ax_cv_check_ldflags___Wl___as_needed=yes
ax_cv_check_ldflags___Wl___fatal_warnings=yes
ax_cv_check_ldflags___Wl___no_as_needed=yes
ax_cv_check_ldflags___Wl__fatal_warnings=no
ax_cv_check_ldflags___Wl__z_noexecstack=yes
ax_cv_check_ldflags___Wl__z_now=yes
ax_cv_check_ldflags___Wl__z_relro=yes

## ----------------- ##
## Output variables. ##
## ----------------- ##

ACLOCAL='${SHELL} '\''/home/mederic.lavirotte/afs/ing1/Projet/epita-ing-assistants-acu-42sh-2027-paris-26/missing'\'' aclocal-1.16'
AMDEPBACKSLASH='\'
AMDEP_FALSE='#'
AMDEP_TRUE=''
AMTAR='$${TAR-tar}'
AM_BACKSLASH='\'
AM_DEFAULT_V='$(AM_DEFAULT_VERBOSITY)'
AM_DEFAULT_VERBOSITY='0'
AM_V='$(V)'
AR='ar'
AUTOCONF='${SHELL} '\''/home/mederic.lavirotte/afs/ing1/Projet/epita-ing-assistants-acu-42sh-2027-paris-26/missing'\'' autoconf'
AUTOHEADER='${SHELL} '\''/home/mederic.lavirotte/afs/ing1/Projet/epita-ing-assistants-acu-42sh-2027-paris-26/missing'\'' autoheader'
AUTOMAKE='${SHELL} '\''/home/mederic.lavirotte/afs/ing1/Projet/epita-ing-assistants-acu-42sh-2027-paris-26/missing'\'' automake-1.16'
AWK='gawk'
CC='gcc'
CCDEPMODE='depmode=gcc3'
CFLAGS='-g -O2'
CPPFLAGS=''
CSCOPE='cscope'
CTAGS='ctags'
CYGPATH_W='echo'
DEFS='-DPACKAGE_NAME=\"42sh\" -DPACKAGE_TARNAME=\"42sh\" -DPACKAGE_VERSION=\"1.0\" -DPACKAGE_STRING=\"42sh\ 1.0\" -DPACKAGE_BUGREPORT=\"\" -DPACKAGE_URL=\"\" -DPACKAGE=\"42sh\" -DVERSION=\"1.0\"'
DEPDIR='.deps'
ECHO_C=''
ECHO_N='-n'
ECHO_T=''
ETAGS='etags'
EXEEXT=''
INSTALL_DATA='${INSTALL} -m 644'
INSTALL_PROGRAM='${INSTALL}'
INSTALL_SCRIPT='${INSTALL}'
INSTALL_STRIP_PROGRAM='$(install_sh) -c -s'
LDFLAGS=''
LIBOBJS=''
LIBS=''
LTLIBOBJS=''
MAKEINFO='${SHELL} '\''/home/mederic.lavirotte/afs/ing1/Projet/epita-ing-assistants-acu-42sh-2027-paris-26/missing'\'' makeinfo'
MKDIR_P='/run/current-system/sw/bin/mkdir -p'
OBJEXT='o'
PACKAGE='42sh'
PACKAGE_BUGREPORT=''
PACKAGE_NAME='42sh'
PACKAGE_STRING='42sh 1.0'
PACKAGE_TARNAME='42sh'
PACKAGE_URL=''
PACKAGE_VERSION='1.0'
PATH_SEPARATOR=':'
RANLIB='ranlib'
SED='/run/current-system/sw/bin/sed'
SET_MAKE=''
SHELL='/bin/sh'
STRIP=''
VERSION='1.0'
WARN_CFLAGS='-fno-strict-aliasing -Wall -Wextra -Werror -Wvla -pedantic -std=c99 -Wnested-externs -Wmissing-prototypes -Wstrict-prototypes -Wdeclaration-after-statement -Wimplicit-function-declaration -Wold-style-definition -Wjump-misses-init -Wundef -Wwrite-strings -Wpointer-arith -Wmissing-declarations -Wredundant-decls -Wno-unused-parameter -Wno-missing-field-initializers -Wformat=2 -Wcast-align -Wformat-nonliteral -Wformat-security -Wsign-compare -Wstrict-aliasing -Wshadow -Winline -Wpacked -Wmissing-format-attribute -Wmissing-noreturn -Winit-self -Wmissing-include-dirs -Wunused-but-set-variable -Warray-bounds -Wreturn-type -Wswitch-enum -Wswitch-default -Wduplicated-cond -Wduplicated-branches -Wlogical-op -Wrestrict -Wnull-dereference -Wdouble-promotion -Wno-suggest-attribute=format -Wno-error=unused-parameter -Wno-error=missing-field-initializers'
WARN_LDFLAGS='-Wl,--no-as-needed -Wl,--fatal-warnings'
WARN_SCANNERFLAGS='              --warn-all                                                                           --warn-error         '
ac_ct_AR='ar'
ac_ct_CC='gcc'
am__EXEEXT_FALSE=''
am__EXEEXT_TRUE='#'
am__fastdepCC_FALSE='#'
am__fastdepCC_TRUE=''
am__include='include'
am__isrc=''
am__leading_dot='.'
am__nodep='_no'
am__quote=''
am__tar='$${TAR-tar} chof - "$$tardir"'
am__untar='$${TAR-tar} xf -'
bindir='${exec_prefix}/bin'
build_alias=''
datadir='${datarootdir}'
datarootdir='${prefix}/share'
docdir='${datarootdir}/doc/${PACKAGE_TARNAME}'
dvidir='${docdir}'
exec_prefix='${prefix}'
host_alias=''
htmldir='${docdir}'
includedir='${prefix}/include'
infodir='${datarootdir}/info'
install_sh='${SHELL} /home/mederic.lavirotte/afs/ing1/Projet/epita-ing-assistants-acu-42sh-2027-paris-26/install-sh'
libdir='${exec_prefix}/lib'
libexecdir='${exec_prefix}/libexec'
localedir='${datarootdir}/locale'
localstatedir='${prefix}/var'
mandir='${datarootdir}/man'
mkdir_p='$(MKDIR_P)'
oldincludedir='/usr/include'
pdfdir='${docdir}'
prefix='/usr/local'
program_transform_name='s,x,x,'
psdir='${docdir}'
runstatedir='${localstatedir}/run'
sbindir='${exec_prefix}/sbin'
sharedstatedir='${prefix}/com'
sysconfdir='${prefix}/etc'
target_alias=''

## ----------- ##
## confdefs.h. ##
## ----------- ##

/* confdefs.h */
#define PACKAGE_NAME "42sh"
#define PACKAGE_TARNAME "42sh"
#define PACKAGE_VERSION "1.0"
#define PACKAGE_STRING "42sh 1.0"
#define PACKAGE_BUGREPORT ""
#define PACKAGE_URL ""
#define PACKAGE "42sh"
#define VERSION "1.0"

configure: exit 0
